<?xml version="1.0" encoding="UTF-8"?>
<testsuites
        failures="26"
        errors="0"
        name="psalm"
        tests="26"
>
    <testsuite name="src/JUnit/TestCaseElement.php" failures="12" errors="0" tests="12">
        <testcase name="src/JUnit/TestCaseElement.php:34" classname="MissingReturnType" assertions="5">
            <failure type="MissingReturnType">message: Method JBZoo\CiReportConverter\JUnit\TestCaseElement::setName does not
                have a return type, expecting void
                type: MissingReturnType
                snippet: public function setName($name)
                selected_text: setName
                line: 34
                column_from: 21
                column_to: 28
            </failure>
        </testcase>
        <testcase name="src/JUnit/TestCaseElement.php:42" classname="MissingReturnType" assertions="5">
            <failure type="MissingReturnType">message: Method JBZoo\CiReportConverter\JUnit\TestCaseElement::setClassname does
                not have a return type, expecting void
                type: MissingReturnType
                snippet: public function setClassname($classname)
                selected_text: setClassname
                line: 42
                column_from: 21
                column_to: 33
            </failure>
        </testcase>
        <testcase name="src/JUnit/TestCaseElement.php:52" classname="MissingReturnType" assertions="5">
            <failure type="MissingReturnType">message: Method JBZoo\CiReportConverter\JUnit\TestCaseElement::setTime does not
                have a return type, expecting void
                type: MissingReturnType
                snippet: public function setTime($time)
                selected_text: setTime
                line: 52
                column_from: 21
                column_to: 28
            </failure>
        </testcase>
        <testcase name="src/JUnit/TestCaseElement.php:106" classname="MissingReturnType" assertions="5">
            <failure type="MissingReturnType">message: Method
                JBZoo\CiReportConverter\JUnit\TestCaseElement::incrementFailureCount does not have a return type, expecting void
                type: MissingReturnType
                snippet: public function incrementFailureCount()
                selected_text: incrementFailureCount
                line: 106
                column_from: 21
                column_to: 42
            </failure>
        </testcase>
        <testcase name="src/JUnit/TestCaseElement.php:118" classname="MissingReturnType" assertions="5">
            <failure type="MissingReturnType">message: Method JBZoo\CiReportConverter\JUnit\TestCaseElement::incrementErrorCount
                does not have a return type, expecting void
                type: MissingReturnType
                snippet: public function incrementErrorCount()
                selected_text: incrementErrorCount
                line: 118
                column_from: 21
                column_to: 40
            </failure>
        </testcase>
        <testcase name="src/JUnit/TestCaseElement.php:54" classname="InvalidScalarArgument" assertions="5">
            <failure type="InvalidScalarArgument">message: Argument 2 of
                JBZoo\CiReportConverter\JUnit\TestCaseElement::setAttribute expects string, float provided
                type: InvalidScalarArgument
                snippet: $this-&gt;setAttribute('time', $time);
                selected_text: $time
                line: 54
                column_from: 37
                column_to: 42
            </failure>
        </testcase>
        <testcase name="src/JUnit/TestCaseElement.php:109" classname="InvalidScalarArgument" assertions="5">
            <failure type="InvalidScalarArgument">message: Argument 2 of
                JBZoo\CiReportConverter\JUnit\TestCaseElement::setAttribute expects string, int provided
                type: InvalidScalarArgument
                snippet: $this-&gt;setAttribute('failures', (int)$this-&gt;getAttribute('failures') + 1);
                selected_text: (int)$this-&gt;getAttribute('failures') + 1
                line: 109
                column_from: 45
                column_to: 85
            </failure>
        </testcase>
        <testcase name="src/JUnit/TestCaseElement.php:111" classname="InvalidScalarArgument" assertions="5">
            <failure type="InvalidScalarArgument">message: Argument 2 of
                JBZoo\CiReportConverter\JUnit\TestCaseElement::setAttribute expects string, int(1) provided
                type: InvalidScalarArgument
                snippet: $this-&gt;setAttribute('failures', 1);
                selected_text: 1
                line: 111
                column_from: 45
                column_to: 46
            </failure>
        </testcase>
        <testcase name="src/JUnit/TestCaseElement.php:121" classname="InvalidScalarArgument" assertions="5">
            <failure type="InvalidScalarArgument">message: Argument 2 of
                JBZoo\CiReportConverter\JUnit\TestCaseElement::setAttribute expects string, int provided
                type: InvalidScalarArgument
                snippet: $this-&gt;setAttribute('errors', (int)$this-&gt;getAttribute('errors') + 1);
                selected_text: (int)$this-&gt;getAttribute('errors') + 1
                line: 121
                column_from: 43
                column_to: 81
            </failure>
        </testcase>
        <testcase name="src/JUnit/TestCaseElement.php:123" classname="InvalidScalarArgument" assertions="5">
            <failure type="InvalidScalarArgument">message: Argument 2 of
                JBZoo\CiReportConverter\JUnit\TestCaseElement::setAttribute expects string, int(1) provided
                type: InvalidScalarArgument
                snippet: $this-&gt;setAttribute('errors', 1);
                selected_text: 1
                line: 123
                column_from: 43
                column_to: 44
            </failure>
        </testcase>
        <testcase name="src/JUnit/TestCaseElement.php:65" classname="PossiblyNullReference" assertions="2">
            <failure type="PossiblyNullReference">message: Cannot call method createElement on possibly null value
                type: PossiblyNullReference
                snippet: $errorElement = $this-&gt;ownerDocument-&gt;createElement('error', $error);
                selected_text: createElement
                line: 65
                column_from: 47
                column_to: 60
            </failure>
        </testcase>
        <testcase name="src/JUnit/TestCaseElement.php:88" classname="PossiblyNullReference" assertions="2">
            <failure type="PossiblyNullReference">message: Cannot call method createElement on possibly null value
                type: PossiblyNullReference
                snippet: $failureElement = $this-&gt;ownerDocument-&gt;createElement('failure', $error);
                selected_text: createElement
                line: 88
                column_from: 49
                column_to: 62
            </failure>
        </testcase>
    </testsuite>
    <testsuite name="src/JUnit/TestSuiteElement.php" failures="14" errors="0" tests="14">
        <testcase name="src/JUnit/TestSuiteElement.php:35" classname="MissingReturnType" assertions="7">
            <failure type="MissingReturnType">message: Method JBZoo\CiReportConverter\JUnit\TestSuiteElement::setName does not
                have a return type, expecting void
                type: MissingReturnType
                snippet: public function setName($name)
                selected_text: setName
                line: 35
                column_from: 21
                column_to: 28
            </failure>
        </testcase>
        <testcase name="src/JUnit/TestSuiteElement.php:45" classname="MissingReturnType" assertions="7">
            <failure type="MissingReturnType">message: Method JBZoo\CiReportConverter\JUnit\TestSuiteElement::setTimestamp does
                not have a return type, expecting void
                type: MissingReturnType
                snippet: public function setTimestamp(\DateTime $timestamp)
                selected_text: setTimestamp
                line: 45
                column_from: 21
                column_to: 33
            </failure>
        </testcase>
        <testcase name="src/JUnit/TestSuiteElement.php:55" classname="MissingReturnType" assertions="7">
            <failure type="MissingReturnType">message: Method JBZoo\CiReportConverter\JUnit\TestSuiteElement::setTime does not
                have a return type, expecting void
                type: MissingReturnType
                snippet: public function setTime($duration)
                selected_text: setTime
                line: 55
                column_from: 21
                column_to: 28
            </failure>
        </testcase>
        <testcase name="src/JUnit/TestSuiteElement.php:65" classname="MissingReturnType" assertions="7">
            <failure type="MissingReturnType">message: Method JBZoo\CiReportConverter\JUnit\TestSuiteElement::setHostname does
                not have a return type, expecting void
                type: MissingReturnType
                snippet: public function setHostname($hostname)
                selected_text: setHostname
                line: 65
                column_from: 21
                column_to: 32
            </failure>
        </testcase>
        <testcase name="src/JUnit/TestSuiteElement.php:86" classname="MissingReturnType" assertions="7">
            <failure type="MissingReturnType">message: Method JBZoo\CiReportConverter\JUnit\TestSuiteElement::incrementTestCount
                does not have a return type, expecting void
                type: MissingReturnType
                snippet: private function incrementTestCount()
                selected_text: incrementTestCount
                line: 86
                column_from: 22
                column_to: 40
            </failure>
        </testcase>
        <testcase name="src/JUnit/TestSuiteElement.php:98" classname="MissingReturnType" assertions="7">
            <failure type="MissingReturnType">message: Method
                JBZoo\CiReportConverter\JUnit\TestSuiteElement::incrementFailureCount does not have a return type, expecting
                void
                type: MissingReturnType
                snippet: public function incrementFailureCount()
                selected_text: incrementFailureCount
                line: 98
                column_from: 21
                column_to: 42
            </failure>
        </testcase>
        <testcase name="src/JUnit/TestSuiteElement.php:110" classname="MissingReturnType" assertions="7">
            <failure type="MissingReturnType">message: Method
                JBZoo\CiReportConverter\JUnit\TestSuiteElement::incrementErrorCount does not have a return type, expecting void
                type: MissingReturnType
                snippet: public function incrementErrorCount()
                selected_text: incrementErrorCount
                line: 110
                column_from: 21
                column_to: 40
            </failure>
        </testcase>
        <testcase name="src/JUnit/TestSuiteElement.php:57" classname="InvalidScalarArgument" assertions="7">
            <failure type="InvalidScalarArgument">message: Argument 2 of
                JBZoo\CiReportConverter\JUnit\TestSuiteElement::setAttribute expects string, float provided
                type: InvalidScalarArgument
                snippet: $this-&gt;setAttribute('time', $duration);
                selected_text: $duration
                line: 57
                column_from: 37
                column_to: 46
            </failure>
        </testcase>
        <testcase name="src/JUnit/TestSuiteElement.php:89" classname="InvalidScalarArgument" assertions="7">
            <failure type="InvalidScalarArgument">message: Argument 2 of
                JBZoo\CiReportConverter\JUnit\TestSuiteElement::setAttribute expects string, int provided
                type: InvalidScalarArgument
                snippet: $this-&gt;setAttribute('tests', (int)$this-&gt;getAttribute('tests') + 1);
                selected_text: (int)$this-&gt;getAttribute('tests') + 1
                line: 89
                column_from: 42
                column_to: 79
            </failure>
        </testcase>
        <testcase name="src/JUnit/TestSuiteElement.php:91" classname="InvalidScalarArgument" assertions="7">
            <failure type="InvalidScalarArgument">message: Argument 2 of
                JBZoo\CiReportConverter\JUnit\TestSuiteElement::setAttribute expects string, int(1) provided
                type: InvalidScalarArgument
                snippet: $this-&gt;setAttribute('tests', 1);
                selected_text: 1
                line: 91
                column_from: 42
                column_to: 43
            </failure>
        </testcase>
        <testcase name="src/JUnit/TestSuiteElement.php:101" classname="InvalidScalarArgument" assertions="7">
            <failure type="InvalidScalarArgument">message: Argument 2 of
                JBZoo\CiReportConverter\JUnit\TestSuiteElement::setAttribute expects string, int provided
                type: InvalidScalarArgument
                snippet: $this-&gt;setAttribute('failures', (int)$this-&gt;getAttribute('failures') + 1);
                selected_text: (int)$this-&gt;getAttribute('failures') + 1
                line: 101
                column_from: 45
                column_to: 85
            </failure>
        </testcase>
        <testcase name="src/JUnit/TestSuiteElement.php:103" classname="InvalidScalarArgument" assertions="7">
            <failure type="InvalidScalarArgument">message: Argument 2 of
                JBZoo\CiReportConverter\JUnit\TestSuiteElement::setAttribute expects string, int(1) provided
                type: InvalidScalarArgument
                snippet: $this-&gt;setAttribute('failures', 1);
                selected_text: 1
                line: 103
                column_from: 45
                column_to: 46
            </failure>
        </testcase>
        <testcase name="src/JUnit/TestSuiteElement.php:113" classname="InvalidScalarArgument" assertions="7">
            <failure type="InvalidScalarArgument">message: Argument 2 of
                JBZoo\CiReportConverter\JUnit\TestSuiteElement::setAttribute expects string, int provided
                type: InvalidScalarArgument
                snippet: $this-&gt;setAttribute('errors', (int)$this-&gt;getAttribute('errors') + 1);
                selected_text: (int)$this-&gt;getAttribute('errors') + 1
                line: 113
                column_from: 43
                column_to: 81
            </failure>
        </testcase>
        <testcase name="src/JUnit/TestSuiteElement.php:115" classname="InvalidScalarArgument" assertions="7">
            <failure type="InvalidScalarArgument">message: Argument 2 of
                JBZoo\CiReportConverter\JUnit\TestSuiteElement::setAttribute expects string, int(1) provided
                type: InvalidScalarArgument
                snippet: $this-&gt;setAttribute('errors', 1);
                selected_text: 1
                line: 115
                column_from: 43
                column_to: 44
            </failure>
        </testcase>
    </testsuite>
</testsuites>
